<?xml version="1.0" encoding="UTF-8"?>
<!-- Generated by org.testng.reporters.JUnitReportReporter -->
<testsuite hostname="SRINIVAC01" failures="0" tests="1" name="com.masterUsecse.soapUI.AssertionTestng" time="1.536" errors="0" timestamp="2023-11-17T22:39:08 IST" skipped="0">
  <testcase classname="com.masterUsecse.soapUI.AssertionTestng" name="testHttpGet" time="1.536"/>
</testsuite> <!-- com.masterUsecse.soapUI.AssertionTestng -->
