<?xml version="1.0" encoding="UTF-8"?>
<!-- Generated by org.testng.reporters.JUnitReportReporter -->
<testsuite hostname="SRINIVAC01" failures="0" tests="1" name="com.masterUsecse.soapUI.AssertionTestng" time="2.024" errors="0" timestamp="2023-11-17T19:13:50 IST" skipped="0">
  <testcase classname="com.masterUsecse.soapUI.AssertionTestng" name="testHttpGet" time="2.024"/>
</testsuite> <!-- com.masterUsecse.soapUI.AssertionTestng -->
