<?xml version="1.0" encoding="UTF-8"?>
<!-- Generated by org.testng.reporters.JUnitReportReporter -->
<testsuite hostname="SRINIVAC01" failures="0" tests="2" name="com.next.cucumberOptions.TestRunner" time="2.142" errors="0" timestamp="2023-11-17T22:37:19 IST" skipped="0">
  <testcase classname="com.next.cucumberOptions.TestRunner" name="runScenario" time="1.128"/>
  <testcase classname="com.next.cucumberOptions.TestRunner" name="runScenario" time="1.014"/>
</testsuite> <!-- com.next.cucumberOptions.TestRunner -->
