<?xml version="1.0" encoding="UTF-8"?>
<!-- Generated by org.testng.reporters.JUnitReportReporter -->
<testsuite hostname="SRINIVAC01" failures="0" tests="1" name="com.masterUsecse.soapUI.AssertionTestng$HttpPostTest" time="1.045" errors="0" timestamp="2023-11-08T12:27:08 IST" skipped="0">
  <testcase classname="com.masterUsecse.soapUI.AssertionTestng$HttpPostTest" name="testPostRequest" time="1.045"/>
</testsuite> <!-- com.masterUsecse.soapUI.AssertionTestng$HttpPostTest -->
