<?xml version="1.0" encoding="UTF-8"?>
<!-- Generated by org.testng.reporters.JUnitReportReporter -->
<testsuite hostname="SRINIVAC01" failures="0" tests="5" name="cucumberOptions.CucumberRunner" time="5.082" errors="0" timestamp="20 Nov 2023 15:26:57 GMT" skipped="0">
  <testcase classname="cucumberOptions.CucumberRunner" name="runScenario" time="0.714"/>
  <testcase classname="cucumberOptions.CucumberRunner" name="runScenario" time="0.716"/>
  <testcase classname="cucumberOptions.CucumberRunner" name="runScenario" time="0.719"/>
  <testcase classname="cucumberOptions.CucumberRunner" name="runScenario" time="0.508"/>
  <testcase classname="cucumberOptions.CucumberRunner" name="runScenario" time="2.425"/>
</testsuite> <!-- cucumberOptions.CucumberRunner -->
