<?xml version="1.0" encoding="UTF-8"?>
<!-- Generated by org.testng.reporters.JUnitReportReporter -->
<testsuite hostname="SRINIVAC01" failures="0" tests="2" name="com.next.cucumberOptions.TestRunner" time="2.126" errors="0" timestamp="2023-11-17T23:02:30 IST" skipped="0">
  <testcase classname="com.next.cucumberOptions.TestRunner" name="runScenario" time="1.119"/>
  <testcase classname="com.next.cucumberOptions.TestRunner" name="runScenario" time="1.007"/>
</testsuite> <!-- com.next.cucumberOptions.TestRunner -->
