<?xml version="1.0" encoding="UTF-8"?>
<!-- Generated by org.testng.reporters.JUnitReportReporter -->
<testsuite hostname="SRINIVAC01" failures="0" tests="1" name="com.masterUsecse.soapUI.AssertionTestng$HttpPostTest" time="1.032" errors="0" timestamp="2023-11-17T15:32:39 IST" skipped="0">
  <testcase classname="com.masterUsecse.soapUI.AssertionTestng$HttpPostTest" name="testPostRequest" time="1.032"/>
</testsuite> <!-- com.masterUsecse.soapUI.AssertionTestng$HttpPostTest -->
